<?xml version="1.0" encoding="UTF-8"?>
<testng-results skipped="0" failed="0" ignored="0" total="2" passed="2">
  <reporter-output>
  </reporter-output>
  <suite name="Default suite" duration-ms="200953" started-at="2023-02-26T21:50:35 IST" finished-at="2023-02-26T21:53:56 IST">
    <groups>
      <group name="cucumber">
        <method signature="AbstractTestNGCucumberTests.runScenario(io.cucumber.testng.PickleEventWrapper, io.cucumber.testng.CucumberFeatureWrapper)[pri:0, instance:com.scripted.runners.SaveMartRunner@67d48005]" name="runScenario" class="io.cucumber.testng.AbstractTestNGCucumberTests"/>
      </group> <!-- cucumber -->
    </groups>
    <test name="Default test" duration-ms="200953" started-at="2023-02-26T21:50:35 IST" finished-at="2023-02-26T21:53:56 IST">
      <class name="com.scripted.runners.SaveMartRunner">
        <test-method status="PASS" signature="setup()[pri:0, instance:com.scripted.runners.SaveMartRunner@67d48005]" name="setup" is-config="true" duration-ms="37635" started-at="2023-02-26T21:49:57 IST" finished-at="2023-02-26T21:50:35 IST">
          <reporter-output>
          </reporter-output>
        </test-method> <!-- setup -->
        <test-method status="PASS" signature="setUpClass()[pri:0, instance:com.scripted.runners.SaveMartRunner@67d48005]" name="setUpClass" is-config="true" duration-ms="481" started-at="2023-02-26T21:50:35 IST" finished-at="2023-02-26T21:50:35 IST">
          <reporter-output>
          </reporter-output>
        </test-method> <!-- setUpClass -->
        <test-method status="PASS" signature="runScenario(io.cucumber.testng.PickleEventWrapper, io.cucumber.testng.CucumberFeatureWrapper)[pri:0, instance:com.scripted.runners.SaveMartRunner@67d48005]" name="runScenario" duration-ms="176515" started-at="2023-02-26T21:50:35 IST" description="Runs Cucumber Scenarios" data-provider="scenarios" finished-at="2023-02-26T21:53:32 IST">
          <params>
            <param index="0">
              <value>
                <![CDATA["Hobbs_scenario"]]>
              </value>
            </param>
            <param index="1">
              <value>
                <![CDATA["SavemartTestCases"]]>
              </value>
            </param>
          </params>
          <reporter-output>
          </reporter-output>
        </test-method> <!-- runScenario -->
        <test-method status="PASS" signature="runScenario(io.cucumber.testng.PickleEventWrapper, io.cucumber.testng.CucumberFeatureWrapper)[pri:0, instance:com.scripted.runners.SaveMartRunner@67d48005]" name="runScenario" duration-ms="23432" started-at="2023-02-26T21:53:32 IST" description="Runs Cucumber Scenarios" data-provider="scenarios" finished-at="2023-02-26T21:53:55 IST">
          <params>
            <param index="0">
              <value>
                <![CDATA["Hobbs_scenario add the product"]]>
              </value>
            </param>
            <param index="1">
              <value>
                <![CDATA["SavemartTestCases"]]>
              </value>
            </param>
          </params>
          <reporter-output>
          </reporter-output>
        </test-method> <!-- runScenario -->
        <test-method status="PASS" signature="tearDownClass()[pri:0, instance:com.scripted.runners.SaveMartRunner@67d48005]" name="tearDownClass" is-config="true" duration-ms="422" started-at="2023-02-26T21:53:55 IST" finished-at="2023-02-26T21:53:56 IST">
          <reporter-output>
          </reporter-output>
        </test-method> <!-- tearDownClass -->
        <test-method status="PASS" signature="teardown()[pri:0, instance:com.scripted.runners.SaveMartRunner@67d48005]" name="teardown" is-config="true" duration-ms="17960" started-at="2023-02-26T21:53:56 IST" finished-at="2023-02-26T21:54:14 IST">
          <reporter-output>
          </reporter-output>
        </test-method> <!-- teardown -->
      </class> <!-- com.scripted.runners.SaveMartRunner -->
    </test> <!-- Default test -->
  </suite> <!-- Default suite -->
</testng-results>
